<?xml version="1.0" encoding="UTF-8"?>
<!-- Generated by org.testng.reporters.JUnitXMLReporter -->
<testsuite ignored="0" hostname="Ramandeep-ATR843" failures="0" tests="4" name="Default test" time="0.076" errors="0" timestamp="2022-12-06T17:53:02 IST">
  <testcase classname="test.testClass" name="n" time="0.006"/>
  <testcase classname="test.testClass" name="x" time="0.002"/>
  <testcase classname="test.testClass" name="o" time="0.004"/>
  <testcase classname="test.testClass" name="p" time="0.004"/>
</testsuite> <!-- Default test -->
